"../../../Engine/Content/Functions/Engine_MaterialFunctions01/Opacity/CameraDepthFade.uasset" 0
"../../../Engine/Content/EngineMaterials/T_Default_Material_Grid_M.uasset" 1
"../../../Engine/Content/EngineMaterials/T_Default_Material_Grid_N.uasset" 2
"../../../Engine/Content/EngineMaterials/WorldGridMaterial.uasset" 3
"../../../Engine/Content/ArtTools/RenderToTexture/Meshes/S_1_Unit_Plane.uasset" 4
"../../../Engine/Content/EngineMaterials/DefaultMaterial.uasset" 5
"../../../Engine/Content/BasicShapes/Cone.uasset" 6
"../../../Engine/Content/BasicShapes/Cylinder.uasset" 7
"../../../Engine/Content/BasicShapes/Plane.uasset" 8
"../../../Engine/Content/BasicShapes/Sphere.uasset" 9
"../../../Engine/Content/EngineMaterials/DefaultPhysicalMaterial.uasset" 10
"../../../Engine/Content/BufferVisualization/AmbientOcclusion.uasset" 11
"../../../Engine/Content/BufferVisualization/BaseColor.uasset" 12
"../../../Engine/Content/BufferVisualization/CustomDepth.uasset" 13
"../../../Engine/Content/Functions/Engine_MaterialFunctions02/Utility/VectorLength.uasset" 14
"../../../Engine/Content/BufferVisualization/CustomDepthWorldUnits.uasset" 15
"../../../Engine/Content/Functions/Engine_MaterialFunctions02/Utility/BreakOutFloat2Components.uasset" 16
"../../../Engine/Content/Functions/Engine_MaterialFunctions01/Texturing/ScaleUVsByCenter.uasset" 17
"../../../Engine/Content/Functions/Engine_MaterialFunctions02/ScreenResolution.uasset" 18
"../../../Engine/Content/Functions/Engine_MaterialFunctions02/Texturing/ScreenAlignedUVs.uasset" 19
"../../../Engine/Content/Functions/Engine_MaterialFunctions02/Utility/MakeFloat2.uasset" 20
"../../../Engine/Content/Functions/Engine_MaterialFunctions02/Utility/MakeFloat3.uasset" 21
"../../../Engine/Content/EngineMaterials/MiniFont.uasset" 22
"../../../Engine/Content/BufferVisualization/CustomStencil.uasset" 23
"../../../Engine/Content/BufferVisualization/FinalImage.uasset" 24
"../../../Engine/Content/BufferVisualization/LightingModel.uasset" 25
"../../../Engine/Content/BufferVisualization/MaterialAO.uasset" 26
"../../../Engine/Content/BufferVisualization/Metallic.uasset" 27
"../../../Engine/Content/BufferVisualization/Opacity.uasset" 28
"../../../Engine/Content/BufferVisualization/PostTonemapHDRColor.uasset" 29
"../../../Engine/Content/BufferVisualization/PreTonemapHDRColor.uasset" 30
"../../../Engine/Content/BufferVisualization/Roughness.uasset" 31
"../../../Engine/Content/BufferVisualization/SceneColor.uasset" 32
"../../../Engine/Content/BufferVisualization/SceneDepth.uasset" 33
"../../../Engine/Content/BufferVisualization/SceneDepthWorldUnits.uasset" 34
"../../../Engine/Content/BufferVisualization/SeparateTranslucencyA.uasset" 35
"../../../Engine/Content/BufferVisualization/SeparateTranslucencyRGB.uasset" 36
"../../../Engine/Content/BufferVisualization/Specular.uasset" 37
"../../../Engine/Content/BufferVisualization/SubsurfaceColor.uasset" 38
"../../../Engine/Content/BufferVisualization/WorldNormal.uasset" 39
"../../../Engine/Content/EditorBlueprintResources/ActorMacros.uasset" 40
"../../../Engine/Content/EditorLandscapeResources/DataLayer.uasset" 41
"../../../Engine/Content/EditorLandscapeResources/DefaultAlphaTexture.uasset" 42
"../../../Engine/Content/EditorLandscapeResources/LandscapeGizmoHeight_Mat.uasset" 43
"../../../Engine/Content/EditorLandscapeResources/LandscapeGizmo_Mat.uasset" 44
"../../../Engine/Content/EditorLandscapeResources/LandscapeGizmo_Mat_Copied.uasset" 45
"../../../Engine/Content/EditorLandscapeResources/SplineEditorMeshMat.uasset" 46
"../../../Engine/Content/EditorLandscapeResources/SplineEditorMesh.uasset" 47
"../../../Engine/Content/EditorMaterials/Cross.uasset" 48
"../../../Engine/Content/EditorMaterials/Cross_Mat.uasset" 49
"../../../Engine/Content/EditorMaterials/GizmoMaterial.uasset" 50
"../../../Engine/Content/Functions/Engine_MaterialFunctions02/ExampleContent/Textures/flipbook.uasset" 51
"../../../Engine/Content/Functions/Engine_MaterialFunctions02/Texturing/FlipBook.uasset" 52
"../../../Engine/Content/Functions/Engine_MaterialFunctions02/Utility/Sign.uasset" 53
"../../../Engine/Content/Functions/Engine_MaterialFunctions02/Utility/Round.uasset" 54
"../../../Engine/Content/EditorResources/T_EditorHelp.uasset" 55
"../../../Engine/Content/EditorMaterials/HelpActorMaterial.uasset" 56
"../../../Engine/Content/EditorMaterials/CompositeARGBLayer.uasset" 57
"../../../Engine/Content/EditorMaterials/TilingAALineIntegral.uasset" 58
"../../../Engine/Content/EditorMaterials/TilingAALineBoxFiltered.uasset" 59
"../../../Engine/Content/Functions/Engine_MaterialFunctions03/Procedurals/ComputeFilterWidth.uasset" 60
"../../../Engine/Content/EditorMaterials/TilingAADots.uasset" 61
"../../../Engine/Content/EngineMaterials/BlendFunc_DefBase.uasset" 62
"../../../Engine/Content/EngineMaterials/BlendFunc_DefBlend.uasset" 63
"../../../Engine/Content/Functions/Engine_MaterialFunctions03/Blends/Blend_Screen.uasset" 64
"../../../Engine/Content/EditorMaterials/TilingAAGrid.uasset" 65
"../../../Engine/Content/EditorMaterials/LevelGridMaterial.uasset" 66
"../../../Engine/Content/EditorMaterials/MakeCompositeARGBLayer.uasset" 67
"../../../Engine/Content/EditorResources/LevelGrid1DStripes.uasset" 68
"../../../Engine/Content/EditorMaterials/TextureGridCascaded1D.uasset" 69
"../../../Engine/Content/EditorMaterials/TextureGridCascaded2D.uasset" 70
"../../../Engine/Content/EditorMaterials/LevelGridMaterial2.uasset" 71
"../../../Engine/Content/EditorMaterials/MAT_Groups_Toggle.uasset" 72
"../../../Engine/Content/EditorMaterials/MAT_Groups_Visibility.uasset" 73
"../../../Engine/Content/EditorMaterials/AntialiasedGridFloor.uasset" 74
"../../../Engine/Content/EditorResources/TilePatine_D.uasset" 75
"../../../Engine/Content/EditorResources/TilePatine_N.uasset" 76
"../../../Engine/Content/EngineMaterials/Grid.uasset" 77
"../../../Engine/Content/EditorMaterials/PersonaFloorMat.uasset" 78
"../../../Engine/Content/EditorMaterials/PhAT_BoneSelectedMaterial.uasset" 79
"../../../Engine/Content/EditorMaterials/PhAT_ElemSelectedMaterial.uasset" 80
"../../../Engine/Content/EditorMaterials/PhAT_NoCollisionMaterial.uasset" 81
"../../../Engine/Content/EditorMaterials/PhAT_UnselectedMaterial.uasset" 82
"../../../Engine/Content/EditorMaterials/PreviewShadowIndicator.uasset" 83
"../../../Engine/Content/EditorMaterials/PreviewShadowIndicatorMaterial.uasset" 84
"../../../Engine/Content/EditorMaterials/TargetIcon.uasset" 85
"../../../Engine/Content/EditorMaterials/Tick.uasset" 86
"../../../Engine/Content/EditorMaterials/Tick_Mat.uasset" 87
"../../../Engine/Content/EditorMaterials/WidgetGridVertexColorMaterial.uasset" 88
"../../../Engine/Content/EditorMaterials/WidgetGridVertexColorMaterial_Ma.uasset" 89
"../../../Engine/Content/EditorMaterials/WidgetMaterial.uasset" 90
"../../../Engine/Content/EditorMaterials/WidgetMaterial_Current.uasset" 91
"../../../Engine/Content/EditorMaterials/WidgetMaterial_X.uasset" 92
"../../../Engine/Content/EditorMaterials/WidgetMaterial_Y.uasset" 93
"../../../Engine/Content/EditorMaterials/WidgetMaterial_Z.uasset" 94
"../../../Engine/Content/EditorMaterials/WidgetVertexColorMaterial.uasset" 95
"../../../Engine/Content/EditorMaterials/AssetViewer/EpicQuadPanorama_CC+EV1.uasset" 96
"../../../Engine/Content/MapTemplates/Sky/SunsetAmbientCubemap.uasset" 97
"../../../Engine/Content/EditorMaterials/AssetViewer/M_SkyBox.uasset" 98
"../../../Engine/Content/EditorMaterials/MatineeGroups/MAT_ColorTrack.uasset" 99
"../../../Engine/Content/EditorMaterials/MatineeGroups/MAT_Groups_Anim.uasset" 100
"../../../Engine/Content/EditorMaterials/MatineeGroups/MAT_Groups_AudioMaster.uasset" 101
"../../../Engine/Content/EditorMaterials/MatineeGroups/MAT_Groups_Director.uasset" 102
"../../../Engine/Content/EditorMaterials/MatineeGroups/MAT_Groups_Event.uasset" 103
"../../../Engine/Content/EditorMaterials/MatineeGroups/MAT_Groups_Fade.uasset" 104
"../../../Engine/Content/EditorMaterials/MatineeGroups/MAT_Groups_Float.uasset" 105
"../../../Engine/Content/EditorMaterials/MatineeGroups/MAT_Groups_Move.uasset" 106
"../../../Engine/Content/EditorMaterials/MatineeGroups/MAT_Groups_Slomo.uasset" 107
"../../../Engine/Content/EditorMaterials/MatineeGroups/MAT_Groups_Sound.uasset" 108
"../../../Engine/Content/EditorMaterials/MatineeGroups/MAT_Groups_Vector.uasset" 109
"../../../Engine/Content/EditorMaterials/ParticleSystems/PSysThumbnail_NoImage.uasset" 110
"../../../Engine/Content/EditorMaterials/ParticleSystems/PSysThumbnail_OOD.uasset" 111
"../../../Engine/Content/EditorMaterials/Thumbnails/FloorPlaneMaterial.uasset" 112
"../../../Engine/Content/EditorMeshes/EditorCube.uasset" 113
"../../../Engine/Content/EditorMeshes/EditorCylinder.uasset" 114
"../../../Engine/Content/EditorMeshes/EditorPlane.uasset" 115
"../../../Engine/Content/EditorMaterials/Thumbnails/SkySphereMaterial.uasset" 116
"../../../Engine/Content/EditorMeshes/EditorSkySphere.uasset" 117
"../../../Engine/Content/EditorMeshes/EditorSphere.uasset" 118
"../../../Engine/Content/EditorResources/MatineeCam_D.uasset" 119
"../../../Engine/Content/EditorMaterials/MatineeCam_mat.uasset" 120
"../../../Engine/Content/EditorMeshes/MatineeCam_SM.uasset" 121
"../../../Engine/Content/Functions/Engine_MaterialFunctions01/Shading/ConvertFromDiffSpec.uasset" 122
"../../../Engine/Content/EditorMaterials/GridMaterial.uasset" 123
"../../../Engine/Content/EditorMeshes/PhAT_FloorBox.uasset" 124
"../../../Engine/Content/EditorMeshes/AssetViewer/Floor_Mesh.uasset" 125
"../../../Engine/Content/EditorMeshes/AssetViewer/Sphere_inversenormals.uasset" 126
"../../../Engine/Content/EditorMaterials/Camera/CineMat.uasset" 127
"../../../Engine/Content/EditorMaterials/Camera/MI_CineMat_CameraBody.uasset" 128
"../../../Engine/Content/EngineDebugMaterials/M_SimpleOpaque.uasset" 129
"../../../Engine/Content/EditorMaterials/Camera/MI_CineMat_CamViewFinder.uasset" 130
"../../../Engine/Content/EditorMeshes/Camera/SM_CineCam.uasset" 131
"../../../Engine/Content/EditorMaterials/Camera/MI_CineMat_Rig.uasset" 132
"../../../Engine/Content/EditorMeshes/Camera/SM_CraneRig_Arm.uasset" 133
"../../../Engine/Content/EditorMeshes/Camera/SM_CraneRig_Base.uasset" 134
"../../../Engine/Content/EditorMeshes/Camera/SM_CraneRig_Body.uasset" 135
"../../../Engine/Content/EditorMeshes/Camera/SM_CraneRig_Mount.uasset" 136
"../../../Engine/Content/EditorMeshes/Camera/SM_RailRig_Mount.uasset" 137
"../../../Engine/Content/EditorMeshes/Camera/SM_RailRig_Track.uasset" 138
"../../../Engine/Content/EditorResources/Bad.uasset" 139
"../../../Engine/Content/EditorResources/BadBlueprintSprite.uasset" 140
"../../../Engine/Content/EditorResources/BSPVertex.uasset" 141
"../../../Engine/Content/EditorResources/EmptyActor.uasset" 142
"../../../Engine/Content/EditorResources/MatInstActSprite.uasset" 143
"../../../Engine/Content/EditorResources/SceneManager.uasset" 144
"../../../Engine/Content/EditorResources/SmallFont.uasset" 145
"../../../Engine/Content/EditorResources/S_Actor.uasset" 146
"../../../Engine/Content/EditorResources/S_DecalActorIcon.uasset" 147
"../../../Engine/Content/EditorResources/S_Emitter.uasset" 148
"../../../Engine/Content/EditorResources/S_ExpoHeightFog.uasset" 149
"../../../Engine/Content/EditorResources/S_FTest.uasset" 150
"../../../Engine/Content/EditorResources/S_KBSJoint.uasset" 151
"../../../Engine/Content/EditorResources/S_KHinge.uasset" 152
"../../../Engine/Content/EditorResources/S_KPrismatic.uasset" 153
"../../../Engine/Content/EditorResources/S_LevelSequence.uasset" 154
"../../../Engine/Content/EditorResources/S_NavP.uasset" 155
"../../../Engine/Content/EditorResources/S_Note.uasset" 156
"../../../Engine/Content/EditorResources/S_Player.uasset" 157
"../../../Engine/Content/EditorResources/S_PortalActorIcon2.uasset" 158
"../../../Engine/Content/EditorResources/S_RadForce.uasset" 159
"../../../Engine/Content/EditorResources/S_ReflActorIcon.uasset" 160
"../../../Engine/Content/EditorResources/S_Terrain.uasset" 161
"../../../Engine/Content/EditorResources/S_TextRenderActorIcon.uasset" 162
"../../../Engine/Content/EditorResources/S_Thruster.uasset" 163
"../../../Engine/Content/EditorResources/S_Trigger.uasset" 164
"../../../Engine/Content/EditorResources/S_VectorFieldVol.uasset" 165
"../../../Engine/Content/EditorResources/S_WindDirectional.uasset" 166
"../../../Engine/Content/EditorResources/AI/S_NavLink.uasset" 167
"../../../Engine/Content/EditorResources/LightIcons/SkyLight.uasset" 168
"../../../Engine/Content/EditorResources/LightIcons/S_LightDirectional.uasset" 169
"../../../Engine/Content/EditorResources/LightIcons/S_LightDirectionalMove.uasset" 170
"../../../Engine/Content/EditorResources/LightIcons/S_LightError.uasset" 171
"../../../Engine/Content/EditorResources/LightIcons/S_LightPoint.uasset" 172
"../../../Engine/Content/EditorResources/LightIcons/S_LightPointMove.uasset" 173
"../../../Engine/Content/EditorResources/LightIcons/S_LightSpot.uasset" 174
"../../../Engine/Content/EditorResources/LightIcons/S_LightSpotMove.uasset" 175
"../../../Engine/Content/EditorResources/SequenceRecorder/Countdown.uasset" 176
"../../../Engine/Content/EditorResources/SequenceRecorder/RecordingIndicator.uasset" 177
"../../../Engine/Content/EditorResources/Spline/T_Loft_Spline.uasset" 178
"../../../Engine/Content/EditorSounds/Notifications/CompileFailed.uasset" 179
"../../../Engine/Content/EditorSounds/Notifications/CompileFailed_Cue.uasset" 180
"../../../Engine/Content/EditorSounds/Notifications/CompileSuccess.uasset" 181
"../../../Engine/Content/EditorSounds/Notifications/CompileStart_Cue.uasset" 182
"../../../Engine/Content/EditorSounds/Notifications/CompileSuccess_Cue.uasset" 183
"../../../Engine/Content/EngineDamageTypes/DmgTypeBP_Environmental.uasset" 184
"../../../Engine/Content/EngineDebugMaterials/HeatmapGradient.uasset" 185
"../../../Engine/Content/EngineDebugMaterials/BoneWeightMaterial.uasset" 186
"../../../Engine/Content/EngineDebugMaterials/ClothMaterial.uasset" 187
"../../../Engine/Content/EngineDebugMaterials/ClothMaterial_WF.uasset" 188
"../../../Engine/Content/EngineDebugMaterials/DebugEditorMaterial.uasset" 189
"../../../Engine/Content/EngineDebugMaterials/DebugMeshMaterial.uasset" 190
"../../../Engine/Content/EngineDebugMaterials/GeomMaterial.uasset" 191
"../../../Engine/Content/EngineDebugMaterials/LevelColorationLitMaterial.uasset" 192
"../../../Engine/Content/EngineDebugMaterials/LevelColorationUnlitMaterial.uasset" 193
"../../../Engine/Content/EngineMaterials/DefaultWhiteGrid.uasset" 194
"../../../Engine/Content/EngineDebugMaterials/MAT_LevelColorationLitLightmapUV.uasset" 195
"../../../Engine/Content/EngineDebugMaterials/M_SimpleTranslucent.uasset" 196
"../../../Engine/Content/EngineDebugMaterials/ShadedLevelColorationLitMaterial.uasset" 197
"../../../Engine/Content/EngineDebugMaterials/ShadedLevelColorationUnlitMateri.uasset" 198
"../../../Engine/Content/EngineDebugMaterials/VertexColorMaterial.uasset" 199
"../../../Engine/Content/EngineDebugMaterials/VertexColorViewMode_AlphaAsColor.uasset" 200
"../../../Engine/Content/EngineDebugMaterials/VertexColorViewMode_BlueOnly.uasset" 201
"../../../Engine/Content/EngineDebugMaterials/VertexColorViewMode_ColorOnly.uasset" 202
"../../../Engine/Content/EngineDebugMaterials/VertexColorViewMode_GreenOnly.uasset" 203
"../../../Engine/Content/EngineDebugMaterials/VertexColorViewMode_RedOnly.uasset" 204
"../../../Engine/Content/EngineDebugMaterials/WireframeMaterial.uasset" 205
"../../../Engine/Content/EngineFonts/Faces/RobotoBold.uasset" 206
"../../../Engine/Content/EngineFonts/Faces/RobotoBoldItalic.uasset" 207
"../../../Engine/Content/EngineFonts/Faces/RobotoItalic.uasset" 208
"../../../Engine/Content/EngineFonts/Faces/RobotoLight.uasset" 209
"../../../Engine/Content/EngineFonts/Faces/RobotoRegular.uasset" 210
"../../../Engine/Content/EngineFonts/Roboto.uasset" 211
"../../../Engine/Content/EngineFonts/Faces/RobotoTiny.uasset" 212
"../../../Engine/Content/EngineFonts/RobotoTiny.uasset" 213
"../../../Engine/Content/EngineFonts/SmallFont.uasset" 214
"../../../Engine/Content/EngineFonts/TinyFont.uasset" 215
"../../../Engine/Content/EngineMaterials/BaseFlattenDiffuseMap.uasset" 216
"../../../Engine/Content/EngineMaterials/BaseFlattenEmissiveMap.uasset" 217
"../../../Engine/Content/EngineMaterials/BaseFlattenGrayscaleMap.uasset" 218
"../../../Engine/Content/EngineMaterials/BaseFlattenNormalMap.uasset" 219
"../../../Engine/Content/EngineMaterials/BaseFlattenMaterial.uasset" 220
"../../../Engine/Content/EngineResources/WhiteSquareTexture.uasset" 221
"../../../Engine/Content/EngineMaterials/BlinkingCaret.uasset" 222
"../../../Engine/Content/EngineMaterials/DefaultBloomKernel.uasset" 223
"../../../Engine/Content/EngineMaterials/DefaultBokeh.uasset" 224
"../../../Engine/Content/EngineMaterials/DefaultDiffuse.uasset" 225
"../../../Engine/Content/EngineMaterials/DefaultDeferredDecalMaterial.uasset" 226
"../../../Engine/Content/EngineMaterials/DefaultLightFunctionMaterial.uasset" 227
"../../../Engine/Content/EngineMaterials/DefaultNormal.uasset" 228
"../../../Engine/Content/EngineMaterials/DefaultPostProcessMaterial.uasset" 229
"../../../Engine/Content/EngineFonts/RobotoDistanceField.uasset" 230
"../../../Engine/Content/EngineMaterials/DefaultTextMaterialOpaque.uasset" 231
"../../../Engine/Content/EngineMaterials/EditorBrushMaterial.uasset" 232
"../../../Engine/Content/EngineMaterials/Good64x64TilingNoiseHighFreq.uasset" 233
"../../../Engine/Content/EngineMaterials/Grid_N.uasset" 234
"../../../Engine/Content/EngineMaterials/HighResolutionScreenshotMaskFunction.uasset" 235
"../../../Engine/Content/EngineMaterials/HighResScreenshot.uasset" 236
"../../../Engine/Content/EngineMaterials/HighResScreenshotCaptureRegion.uasset" 237
"../../../Engine/Content/EngineMaterials/HighResScreenshotMask.uasset" 238
"../../../Engine/Content/EngineMaterials/LandscapeHolePhysicalMaterial.uasset" 239
"../../../Engine/Content/EngineMaterials/InvalidLightmapSettings.uasset" 240
"../../../Engine/Content/EngineMaterials/M_InvalidLightmapSettings.uasset" 241
"../../../Engine/Content/EngineMaterials/PaperDiffuse.uasset" 242
"../../../Engine/Content/EngineMaterials/PaperNormal.uasset" 243
"../../../Engine/Content/Functions/Engine_MaterialFunctions02/WorldPositionOffset/CameraOffset.uasset" 244
"../../../Engine/Content/EngineMaterials/PhAT_JointLimitMaterial.uasset" 245
"../../../Engine/Content/EngineMaterials/PhysMat_Rubber.uasset" 246
"../../../Engine/Content/EngineMaterials/PreintegratedSkinBRDF.uasset" 247
"../../../Engine/Content/EngineMaterials/RemoveSurfaceMaterial.uasset" 248
"../../../Engine/Content/EngineMaterials/WeightMapPlaceholderTexture.uasset" 249
"../../../Engine/Content/EngineMaterials/Widget3DPassThrough.uasset" 250
"../../../Engine/Content/EngineMaterials/Widget3DPassThrough_Masked.uasset" 251
"../../../Engine/Content/EngineMaterials/Widget3DPassThrough_Opaque.uasset" 252
"../../../Engine/Content/EngineMaterials/Widget3DPassThrough_Masked_OneSided.uasset" 253
"../../../Engine/Content/EngineMaterials/Widget3DPassThrough_Opaque_OneSided.uasset" 254
"../../../Engine/Content/EngineMaterials/Widget3DPassThrough_Translucent.uasset" 255
"../../../Engine/Content/EngineMaterials/Widget3DPassThrough_Translucent_OneSided.uasset" 256
"../../../Engine/Content/EngineMeshes/Cylinder.uasset" 257
"../../../Engine/Content/EngineMeshes/Sphere.uasset" 258
"../../../Engine/Content/EngineResources/Black.uasset" 259
"../../../Engine/Content/EngineResources/DefaultTexture.uasset" 260
"../../../Engine/Content/EngineResources/DefaultTextureCube.uasset" 261
"../../../Engine/Content/EngineResources/DefaultVolumeTexture2D.uasset" 262
"../../../Engine/Content/EngineResources/DefaultVolumeTexture.uasset" 263
"../../../Engine/Content/EngineResources/GradientTexture0.uasset" 264
"../../../Engine/Content/EngineResources/StreamingPauseIcon.uasset" 265
"../../../Engine/Content/EngineResources/M_StreamingPause.uasset" 266
"../../../Engine/Content/EngineSounds/Master.uasset" 267
"../../../Engine/Content/Functions/Engine_MaterialFunctions01/Shading/PowerToRoughness.uasset" 268
"../../../Engine/Content/Maps/Templates/Thumbnails/Default.uasset" 269
"../../../Engine/Content/Maps/Templates/Thumbnails/VR-Basic.uasset" 270
"../../../Engine/Content/MapTemplates/Sky/DaylightAmbientCubemap.uasset" 271
"../../../Engine/Content/MobileResources/T_MobileControls_texture.uasset" 272
"../../../Engine/Content/MobileResources/T_MobileMenu2.uasset" 273
"../../../Engine/Content/MobileResources/HUD/AnalogHat.uasset" 274
"../../../Engine/Content/MobileResources/HUD/VirtualJoystick_Background.uasset" 275
"../../../Engine/Content/MobileResources/HUD/VirtualJoystick_Thumb.uasset" 276
"../../../Engine/Content/MobileResources/HUD/DefaultVirtualJoysticks.uasset" 277
"../../../Engine/Content/MobileResources/HUD/LeftVirtualJoystickOnly.uasset" 278
"../../../Engine/Content/MobileResources/HUD/MobileHUDButton1_off.uasset" 279
"../../../Engine/Content/MobileResources/HUD/MobileHUDButton1_on.uasset" 280
"../../../Engine/Content/MobileResources/HUD/MobileHUDButton2_off.uasset" 281
"../../../Engine/Content/MobileResources/HUD/MobileHUDButton2_on.uasset" 282
"../../../Engine/Content/MobileResources/HUD/MobileHUDButton3.uasset" 283
"../../../Engine/Content/MobileResources/HUD/MobileHUDButtonFire.uasset" 284
"../../../Engine/Content/MobileResources/HUD/MobileHUDDirectionPad.uasset" 285
"../../../Engine/Content/MobileResources/HUD/MobileHUDDirectionPad2.uasset" 286
"../../../Engine/Content/MobileResources/HUD/MobileHUDDirectionPad3.uasset" 287
"../../../Engine/Content/MobileResources/HUD/MobileHUDDirectionStick.uasset" 288
"../../../Engine/Content/MobileResources/HUD/T_Castle_ThumbstickInner.uasset" 289
"../../../Engine/Content/MobileResources/HUD/T_Castle_ThumbstickOutter.uasset" 290
"../../../Engine/Content/Tutorial/ContentIntroCurve.uasset" 291
"../../../Engine/Content/Tutorial/Basics/TutorialAssets/icon_tab_Levels_40x.uasset" 292
"../../../Engine/Content/Tutorial/BlueprintTutorials/TutorialAssets/BlueprintMacroLibrary_64x.uasset" 293
"../../../Engine/Content/Tutorial/BlueprintTutorials/TutorialAssets/Blueprint_64x.uasset" 294
"../../../Engine/Content/VREditor/LaserPointer/VR_LaserPower_01.uasset" 295
"../../../Engine/Content/VREditor/TransformGizmo/TransformGizmoMaterial.uasset" 296
"../../../Engine/Content/VREditor/TransformGizmo/TranslucentTransformGizmoMaterial.uasset" 297
"../../../Engine/Content/VREditor/TransformGizmo/BoundingBoxCorner.uasset" 298
"../../../Engine/Content/VREditor/TransformGizmo/BoundingBoxEdge.uasset" 299
"../../../Engine/Content/VREditor/TransformGizmo/PlaneTranslationHandle.uasset" 300
"../../../Engine/Content/VREditor/TransformGizmo/Main.uasset" 301
"../../../Engine/Content/VREditor/TransformGizmo/Xray.uasset" 302
"../../../Engine/Content/VREditor/TransformGizmo/SM_Sequencer_Key.uasset" 303
"../../../Engine/Content/VREditor/TransformGizmo/SM_Sequencer_Node.uasset" 304
"../../../../../../Unreal Projects/Grapple/Content/1st3rdFoundation/3rdPartyLibraries/3rdPersonExample/Mannequin/Character/Mesh/UE4_Mannequin_Skeleton.uasset" 305
"../../../../../../Unreal Projects/Grapple/Content/1st3rdFoundation/3rdPartyLibraries/3rdPersonExample/Mannequin/Animations/ThirdPerson_Jump.uasset" 306
"../../../../../../Unreal Projects/Grapple/Content/1st3rdFoundation/3rdPartyLibraries/3rdPersonExample/Mannequin/Animations/ThirdPersonJump_Loop.uasset" 307
"../../../../../../Unreal Projects/Grapple/Content/1st3rdFoundation/3rdPartyLibraries/3rdPersonExample/Mannequin/Animations/ThirdPersonJump_Start.uasset" 308
"../../../../../../Unreal Projects/Grapple/Content/1st3rdFoundation/3rdPartyLibraries/3rdPersonExample/Mannequin/Animations/ThirdPersonIdle.uasset" 309
"../../../../../../Unreal Projects/Grapple/Content/1st3rdFoundation/3rdPartyLibraries/3rdPersonExample/Mannequin/Animations/ThirdPersonRun.uasset" 310
"../../../../../../Unreal Projects/Grapple/Content/1st3rdFoundation/3rdPartyLibraries/3rdPersonExample/Mannequin/Animations/ThirdPersonWalk.uasset" 311
"../../../../../../Unreal Projects/Grapple/Content/1st3rdFoundation/3rdPartyLibraries/3rdPersonExample/Mannequin/Animations/ThirdPerson_IdleRun_2D.uasset" 312
"../../../Engine/Content/EditorBlueprintResources/StandardMacros.uasset" 313
"../../../../../../Unreal Projects/Grapple/Content/1st3rdFoundation/3rdPartyLibraries/3rdPersonExample/Mannequin/Animations/ThirdPerson_AnimBP.uasset" 314
"../../../Engine/Content/Functions/Engine_MaterialFunctions02/Utility/BlendAngleCorrectedNormals.uasset" 315
"../../../Engine/Content/Functions/MaterialLayerFunctions/MatLayerBlend_NormalBlend.uasset" 316
"../../../Engine/Content/Functions/MaterialLayerFunctions/MatLayerBlend_Simple.uasset" 317
"../../../../../../Unreal Projects/Grapple/Content/1st3rdFoundation/3rdPartyLibraries/3rdPersonExample/Mannequin/Character/Materials/MaterialLayers/T_ML_Rubber_Blue_01_D.uasset" 318
"../../../../../../Unreal Projects/Grapple/Content/1st3rdFoundation/3rdPartyLibraries/3rdPersonExample/Mannequin/Character/Materials/MaterialLayers/T_ML_Rubber_Blue_01_N.uasset" 319
"../../../../../../Unreal Projects/Grapple/Content/1st3rdFoundation/3rdPartyLibraries/3rdPersonExample/Mannequin/Character/Materials/MaterialLayers/ML_GlossyBlack_Latex_UE4.uasset" 320
"../../../../../../Unreal Projects/Grapple/Content/1st3rdFoundation/3rdPartyLibraries/3rdPersonExample/Mannequin/Character/Materials/MaterialLayers/ML_Plastic_Shiny_Beige.uasset" 321
"../../../../../../Unreal Projects/Grapple/Content/1st3rdFoundation/3rdPartyLibraries/3rdPersonExample/Mannequin/Character/Textures/UE4_LOGO_CARD.uasset" 322
"../../../../../../Unreal Projects/Grapple/Content/1st3rdFoundation/3rdPartyLibraries/3rdPersonExample/Mannequin/Character/Materials/MaterialLayers/ML_Plastic_Shiny_Beige_LOGO.uasset" 323
"../../../../../../Unreal Projects/Grapple/Content/1st3rdFoundation/3rdPartyLibraries/3rdPersonExample/Mannequin/Character/Materials/MaterialLayers/T_ML_Aluminum01.uasset" 324
"../../../../../../Unreal Projects/Grapple/Content/1st3rdFoundation/3rdPartyLibraries/3rdPersonExample/Mannequin/Character/Materials/MaterialLayers/T_ML_Aluminum01_N.uasset" 325
"../../../../../../Unreal Projects/Grapple/Content/1st3rdFoundation/3rdPartyLibraries/3rdPersonExample/Mannequin/Character/Materials/MaterialLayers/ML_SoftMetal_UE4.uasset" 326
"../../../../../../Unreal Projects/Grapple/Content/1st3rdFoundation/3rdPartyLibraries/3rdPersonExample/Mannequin/Character/Textures/UE4_Mannequin__normals.uasset" 327
"../../../../../../Unreal Projects/Grapple/Content/1st3rdFoundation/3rdPartyLibraries/3rdPersonExample/Mannequin/Character/Textures/UE4_Mannequin_MAT_MASKA.uasset" 328
"../../../../../../Unreal Projects/Grapple/Content/1st3rdFoundation/3rdPartyLibraries/3rdPersonExample/Mannequin/Character/Materials/M_UE4Man_Body.uasset" 329
"../../../../../../Unreal Projects/Grapple/Content/1st3rdFoundation/3rdPartyLibraries/3rdPersonExample/Mannequin/Character/Textures/UE4Man_Logo_N.uasset" 330
"../../../../../../Unreal Projects/Grapple/Content/1st3rdFoundation/3rdPartyLibraries/3rdPersonExample/Mannequin/Character/Materials/M_UE4Man_ChestLogo.uasset" 331
"../../../../../../Unreal Projects/Grapple/Content/1st3rdFoundation/3rdPartyLibraries/3rdPersonExample/Mannequin/Character/Mesh/SK_Mannequin_PhysicsAsset.uasset" 332
"../../../../../../Unreal Projects/Grapple/Content/1st3rdFoundation/3rdPartyLibraries/3rdPersonExample/Mannequin/Character/Mesh/SK_Mannequin.uasset" 333
"../../../../../../Unreal Projects/Grapple/Content/1st3rdFoundation/3rdPartyLibraries/3rdPersonExample/ThirdPersonBP/Blueprints/ThirdPersonCharacter.uasset" 334
"../../../Engine/Content/ArtTools/RenderToTexture/Enums/RenderToTexture_Enum.uasset" 335
"../../../Engine/Content/ArtTools/RenderToTexture/Enums/RenderToTexture_Flipbook_Enum.uasset" 336
"../../../Engine/Content/ArtTools/RenderToTexture/Enums/RenderToTexture_Imposter_Enum.uasset" 337
"../../../Engine/Content/ArtTools/RenderToTexture/Enums/EIntTypes.uasset" 338
"../../../Engine/Content/ArtTools/RenderToTexture/Macros/RenderToTextureFunctionLibrary.uasset" 339
"../../../Engine/Content/ArtTools/RenderToTexture/Enums/EFloatTypes.uasset" 340
"../../../Engine/Content/ArtTools/RenderToTexture/Macros/RenderToTextureMacros.uasset" 341
"../../Plugins/2D/Paper2D/Content/PlaceholderTextures/DummySpriteTexture.uasset" 342
"../../Plugins/2D/Paper2D/Content/DummySprite.uasset" 343
"../../Plugins/2D/Paper2D/Content/DefaultPaperTerrainMaterial.uasset" 344
"../../Plugins/2D/Paper2D/Content/DefaultSpriteMaterial.uasset" 345
"../../Plugins/2D/Paper2D/Content/MaskedUnlitSpriteMaterial.uasset" 346
"../../Plugins/2D/Paper2D/Content/OpaqueUnlitSpriteMaterial.uasset" 347
"../../Plugins/Enterprise/DatasmithContent/Content/Blueprints/FBXImporter/ArrayOfActor.uasset" 348
"../../Plugins/Enterprise/DatasmithContent/Content/Blueprints/FBXImporter/ArrayOfSwitch.uasset" 349
"../../Plugins/Enterprise/DatasmithContent/Content/Blueprints/FBXImporter/BP_SceneNode.uasset" 350
"../../Plugins/Enterprise/DatasmithContent/Content/Blueprints/FBXImporter/BP_Switch.uasset" 351
"../../Plugins/Enterprise/DatasmithContent/Content/Blueprints/FBXImporter/BP_SceneRoot.uasset" 352
"../../Plugins/Enterprise/DatasmithContent/Content/Blueprints/FBXImporter/FBXImporterUtils.uasset" 353
"../../Plugins/Enterprise/DatasmithContent/Content/Blueprints/FBXImporter/Animation/DeltaGenAnimationTrackType.uasset" 354
"../../Plugins/Enterprise/DatasmithContent/Content/Blueprints/FBXImporter/Animation/VREDAnimationTrackComponent.uasset" 355
"../../Plugins/Enterprise/DatasmithContent/Content/Blueprints/FBXImporter/Animation/VREDAnimationTrackType.uasset" 356
"../../Plugins/Enterprise/DatasmithContent/Content/Blueprints/FBXImporter/Animation/VREDAnimCurveComponent.uasset" 357
"../../Plugins/Enterprise/DatasmithContent/Content/Blueprints/FBXImporter/Animation/VREDAnimCurveType.uasset" 358
"../../Plugins/Enterprise/DatasmithContent/Content/Blueprints/FBXImporter/Variants/VariantSwitchType.uasset" 359
"../../Plugins/Enterprise/DatasmithContent/Content/Blueprints/FBXImporter/Variants/VREDVariantSwitchType.uasset" 360
"../../Plugins/Enterprise/DatasmithContent/Content/Blueprints/FBXImporter/Variants/VREDVariantType.uasset" 361
"../../Plugins/Runtime/Oculus/OculusVR/Content/Materials/PokeAHoleMaterial.uasset" 362
"../../Plugins/Runtime/Oculus/OculusVR/Content/Textures/GearVRController_AO.uasset" 363
"../../Plugins/Runtime/Oculus/OculusVR/Content/Textures/GearVRController_Color.uasset" 364
"../../Plugins/Runtime/Oculus/OculusVR/Content/Textures/GearVRController_Normal.uasset" 365
"../../Plugins/Runtime/Oculus/OculusVR/Content/Materials/GearVRControllerMaterial.uasset" 366
"../../Plugins/Runtime/Oculus/OculusVR/Content/Meshes/GearVrController.uasset" 367
"../../Plugins/Runtime/Oculus/OculusVR/Content/Textures/touchController_albedo.uasset" 368
"../../Plugins/Runtime/Oculus/OculusVR/Content/Textures/touchController_controlmap.uasset" 369
"../../Plugins/Runtime/Oculus/OculusVR/Content/Materials/touchController_mat.uasset" 370
"../../Plugins/Runtime/Oculus/OculusVR/Content/Meshes/LeftTouchController.uasset" 371
"../../Plugins/Runtime/Oculus/OculusVR/Content/Meshes/RiftHMD.uasset" 372
"../../Plugins/Runtime/Oculus/OculusVR/Content/Meshes/RightTouchController.uasset" 373
"../../../Engine/Content/Maps/Entry_BuiltData.uasset" 374
"../../../Engine/Content/Maps/Entry.umap" 375
"../../../Engine/Content/EngineSky/C_Sky_Cloud_Color.uasset" 376
"../../../Engine/Content/EngineSky/C_Sky_Horizon_Color.uasset" 377
"../../../Engine/Content/EngineSky/C_Sky_Zenith_Color.uasset" 378
"../../../Engine/Content/EngineSky/T_Sky_Blue.uasset" 379
"../../../Engine/Content/EngineSky/T_Sky_Clouds_M.uasset" 380
"../../../Engine/Content/EngineSky/T_Sky_Stars.uasset" 381
"../../../Engine/Content/EngineSky/M_Sky_Panning_Clouds2.uasset" 382
"../../../Engine/Content/EngineSky/SM_SkySphere.uasset" 383
"../../../Engine/Content/EngineSky/BP_Sky_Sphere.uasset" 384
"../../../../../../Unreal Projects/Grapple/Content/1st3rdFoundation/3rdPartyLibraries/FirstPerson/Character/Mesh/SK_Mannequin_Arms_Skeleton.uasset" 385
"../../../../../../Unreal Projects/Grapple/Content/1st3rdFoundation/3rdPartyLibraries/FirstPerson/Animations/FirstPerson_Idle.uasset" 386
"../../../../../../Unreal Projects/Grapple/Content/1st3rdFoundation/3rdPartyLibraries/FirstPerson/Animations/FirstPerson_JumpEnd.uasset" 387
"../../../../../../Unreal Projects/Grapple/Content/1st3rdFoundation/3rdPartyLibraries/FirstPerson/Animations/FirstPerson_JumpLoop.uasset" 388
"../../../../../../Unreal Projects/Grapple/Content/1st3rdFoundation/3rdPartyLibraries/FirstPerson/Animations/FirstPerson_JumpStart.uasset" 389
"../../../../../../Unreal Projects/Grapple/Content/1st3rdFoundation/3rdPartyLibraries/FirstPerson/Animations/FirstPerson_Run.uasset" 390
"../../../../../../Unreal Projects/Grapple/Content/1st3rdFoundation/3rdPartyLibraries/FirstPerson/Animations/FirstPerson_AnimBP.uasset" 391
"../../../Engine/Content/EngineMeshes/Humanoid.uasset" 392
"../../../../../../Unreal Projects/Grapple/Content/1st3rdFoundation/Core/Characters/Kasparian_FBX/Kasparian_v2_0001_Skeleton.uasset" 393
"../../../../../../Unreal Projects/Grapple/Content/1st3rdFoundation/Core/Characters/Kasparian_BP/kasparian_hip_aimDown.uasset" 394
"../../../../../../Unreal Projects/Grapple/Content/1st3rdFoundation/Core/Characters/Kasparian_BP/kasparian_hip_aimUP.uasset" 395
"../../../../../../Unreal Projects/Grapple/Content/1st3rdFoundation/Core/Characters/Kasparian_BP/kasparian_hip_forward.uasset" 396
"../../../../../../Unreal Projects/Grapple/Content/1st3rdFoundation/Core/Characters/Kasparian_BP/hip_aim_UpDown.uasset" 397
"../../../../../../Unreal Projects/Grapple/Content/1st3rdFoundation/Core/Characters/Kasparian_BP/kasparian_aimDown.uasset" 398
"../../../../../../Unreal Projects/Grapple/Content/1st3rdFoundation/Core/Characters/Kasparian_BP/kasparian_aimNeutral.uasset" 399
"../../../../../../Unreal Projects/Grapple/Content/1st3rdFoundation/Core/Characters/Kasparian_BP/kasparian_aimUp.uasset" 400
"../../../../../../Unreal Projects/Grapple/Content/1st3rdFoundation/Core/Characters/Kasparian_BP/ironSights_aimUpDown.uasset" 401
"../../../../../../Unreal Projects/Grapple/Content/1st3rdFoundation/Core/Characters/Kasparian_BP/kasparianCrouch_Idle_Rifle_Hip.uasset" 402
"../../../../../../Unreal Projects/Grapple/Content/1st3rdFoundation/Core/Characters/Kasparian_BP/kasparianIdle_Rifle_Hip.uasset" 403
"../../../../../../Unreal Projects/Grapple/Content/1st3rdFoundation/Core/Characters/Kasparian_BP/kasparianJump_From_Jog.uasset" 404
"../../../../../../Unreal Projects/Grapple/Content/1st3rdFoundation/Core/Characters/Kasparian_BP/kasparianJump_From_Stand.uasset" 405
"../../../../../../Unreal Projects/Grapple/Content/1st3rdFoundation/Core/Characters/Kasparian_BP/kasparianCrouch_Walk_Bwd_Rifle_Hip.uasset" 406
"../../../../../../Unreal Projects/Grapple/Content/1st3rdFoundation/Core/Characters/Kasparian_BP/kasparianCrouch_Walk_Fwd_Rifle_Hip.uasset" 407
"../../../../../../Unreal Projects/Grapple/Content/1st3rdFoundation/Core/Characters/Kasparian_BP/kasparianCrouch_Walk_Lt_Rifle_Hip.uasset" 408
"../../../../../../Unreal Projects/Grapple/Content/1st3rdFoundation/Core/Characters/Kasparian_BP/kasparianCrouch_Walk_Rt_Rifle_Hip.uasset" 409
"../../../../../../Unreal Projects/Grapple/Content/1st3rdFoundation/Core/Characters/Kasparian_BP/kasparianBS_CrouchWalk.uasset" 410
"../../../../../../Unreal Projects/Grapple/Content/1st3rdFoundation/Core/Characters/Kasparian_BP/kasparianJog_Bwd_Rifle.uasset" 411
"../../../../../../Unreal Projects/Grapple/Content/1st3rdFoundation/Core/Characters/Kasparian_BP/kasparianJog_Fwd_Rifle.uasset" 412
"../../../../../../Unreal Projects/Grapple/Content/1st3rdFoundation/Core/Characters/Kasparian_BP/kasparianJog_Lt_Rifle.uasset" 413
"../../../../../../Unreal Projects/Grapple/Content/1st3rdFoundation/Core/Characters/Kasparian_BP/kasparianJog_Rt_Rifle.uasset" 414
"../../../../../../Unreal Projects/Grapple/Content/1st3rdFoundation/Core/Characters/Kasparian_BP/kasparianBS_Jog.uasset" 415
"../../../../../../Unreal Projects/Grapple/Content/1st3rdFoundation/3rdPartyLibraries/AnimStarterPack/UE4_Mannequin/Mesh/UE4_Mannequin_Skeleton.uasset" 416
"../../../../../../Unreal Projects/Grapple/Content/1st3rdFoundation/3rdPartyLibraries/AnimStarterPack/Crouch_Idle_Rifle_Hip.uasset" 417
"../../../../../../Unreal Projects/Grapple/Content/1st3rdFoundation/3rdPartyLibraries/AnimStarterPack/Idle_Rifle_Hip.uasset" 418
"../../../../../../Unreal Projects/Grapple/Content/1st3rdFoundation/3rdPartyLibraries/AnimStarterPack/Jump_From_Jog.uasset" 419
"../../../../../../Unreal Projects/Grapple/Content/1st3rdFoundation/3rdPartyLibraries/AnimStarterPack/Jump_From_Stand.uasset" 420
"../../../../../../Unreal Projects/Grapple/Content/1st3rdFoundation/3rdPartyLibraries/AnimStarterPack/Crouch_Walk_Bwd_Rifle_Hip.uasset" 421
"../../../../../../Unreal Projects/Grapple/Content/1st3rdFoundation/3rdPartyLibraries/AnimStarterPack/Crouch_Walk_Fwd_Rifle_Hip.uasset" 422
"../../../../../../Unreal Projects/Grapple/Content/1st3rdFoundation/3rdPartyLibraries/AnimStarterPack/Crouch_Walk_Lt_Rifle_Hip.uasset" 423
"../../../../../../Unreal Projects/Grapple/Content/1st3rdFoundation/3rdPartyLibraries/AnimStarterPack/Crouch_Walk_Rt_Rifle_Hip.uasset" 424
"../../../../../../Unreal Projects/Grapple/Content/1st3rdFoundation/3rdPartyLibraries/AnimStarterPack/BS_CrouchWalk.uasset" 425
"../../../../../../Unreal Projects/Grapple/Content/1st3rdFoundation/3rdPartyLibraries/AnimStarterPack/Jog_Bwd_Rifle.uasset" 426
"../../../../../../Unreal Projects/Grapple/Content/1st3rdFoundation/3rdPartyLibraries/AnimStarterPack/Jog_Fwd_Rifle.uasset" 427
"../../../../../../Unreal Projects/Grapple/Content/1st3rdFoundation/3rdPartyLibraries/AnimStarterPack/Jog_Lt_Rifle.uasset" 428
"../../../../../../Unreal Projects/Grapple/Content/1st3rdFoundation/3rdPartyLibraries/AnimStarterPack/Jog_Rt_Rifle.uasset" 429
"../../../../../../Unreal Projects/Grapple/Content/1st3rdFoundation/3rdPartyLibraries/AnimStarterPack/BS_Jog.uasset" 430
"../../../../../../Unreal Projects/Grapple/Content/1st3rdFoundation/3rdPartyLibraries/AnimStarterPack/UE4ASP_HeroTPP_AnimBlueprint.uasset" 431
"../../../Engine/Content/Functions/MaterialLayerFunctions/MatLayerBlend_AO.uasset" 432
"../../../../../../Unreal Projects/Grapple/Content/1st3rdFoundation/3rdPartyLibraries/AnimStarterPack/UE4_Mannequin/Materials/MaterialLayers/T_ML_Rubber_Blue_01_D.uasset" 433
"../../../../../../Unreal Projects/Grapple/Content/1st3rdFoundation/3rdPartyLibraries/AnimStarterPack/UE4_Mannequin/Materials/MaterialLayers/T_ML_Rubber_Blue_01_N.uasset" 434
"../../../../../../Unreal Projects/Grapple/Content/1st3rdFoundation/3rdPartyLibraries/AnimStarterPack/UE4_Mannequin/Materials/MaterialLayers/ML_GlossyBlack_Latex_UE4.uasset" 435
"../../../../../../Unreal Projects/Grapple/Content/1st3rdFoundation/3rdPartyLibraries/AnimStarterPack/UE4_Mannequin/Materials/MaterialLayers/ML_Plastic_Shiny_Beige.uasset" 436
"../../../../../../Unreal Projects/Grapple/Content/1st3rdFoundation/3rdPartyLibraries/AnimStarterPack/UE4_Mannequin/Textures/UE4_LOGO_CARD.uasset" 437
"../../../../../../Unreal Projects/Grapple/Content/1st3rdFoundation/3rdPartyLibraries/AnimStarterPack/UE4_Mannequin/Materials/MaterialLayers/ML_Plastic_Shiny_Beige_LOGO.uasset" 438
"../../../../../../Unreal Projects/Grapple/Content/1st3rdFoundation/3rdPartyLibraries/AnimStarterPack/UE4_Mannequin/Materials/MaterialLayers/T_ML_Aluminum01.uasset" 439
"../../../../../../Unreal Projects/Grapple/Content/1st3rdFoundation/3rdPartyLibraries/AnimStarterPack/UE4_Mannequin/Materials/MaterialLayers/T_ML_Aluminum01_N.uasset" 440
"../../../../../../Unreal Projects/Grapple/Content/1st3rdFoundation/3rdPartyLibraries/AnimStarterPack/UE4_Mannequin/Materials/MaterialLayers/ML_SoftMetal_UE4.uasset" 441
"../../../../../../Unreal Projects/Grapple/Content/1st3rdFoundation/3rdPartyLibraries/AnimStarterPack/UE4_Mannequin/Textures/UE4_Mannequin__normals.uasset" 442
"../../../../../../Unreal Projects/Grapple/Content/1st3rdFoundation/3rdPartyLibraries/AnimStarterPack/UE4_Mannequin/Textures/UE4_Mannequin_MAT_MASKA.uasset" 443
"../../../../../../Unreal Projects/Grapple/Content/1st3rdFoundation/3rdPartyLibraries/AnimStarterPack/UE4_Mannequin/Textures/UE4_Mannequin_occlusion_Mobile.uasset" 444
"../../../../../../Unreal Projects/Grapple/Content/1st3rdFoundation/3rdPartyLibraries/AnimStarterPack/UE4_Mannequin/Materials/M_UE4Man_Body.uasset" 445
"../../../../../../Unreal Projects/Grapple/Content/1st3rdFoundation/3rdPartyLibraries/AnimStarterPack/UE4_Mannequin/Textures/UE4Man_Logo_N.uasset" 446
"../../../../../../Unreal Projects/Grapple/Content/1st3rdFoundation/3rdPartyLibraries/AnimStarterPack/UE4_Mannequin/Materials/M_UE4Man_ChestLogo.uasset" 447
"../../../../../../Unreal Projects/Grapple/Content/1st3rdFoundation/3rdPartyLibraries/AnimStarterPack/UE4_Mannequin/Mesh/SK_Mannequin_PhysicsAsset.uasset" 448
"../../../../../../Unreal Projects/Grapple/Content/1st3rdFoundation/3rdPartyLibraries/AnimStarterPack/UE4_Mannequin/Mesh/SK_Mannequin.uasset" 449
"../../../../../../Unreal Projects/Grapple/Content/1st3rdFoundation/3rdPartyLibraries/AnimStarterPack/Ue4ASP_Character.uasset" 450
"../../../../../../Unreal Projects/Grapple/Content/1st3rdFoundation/Core/Characters/Kasparian_BP/kasparianUE4ASP_HeroTPP_AnimBlueprint.uasset" 451
"../../../../../../Unreal Projects/Grapple/Content/1st3rdFoundation/Core/Characters/Kasparian_BP/kasparianFire_Shotgun_Ironsights.uasset" 452
"../../../../../../Unreal Projects/Grapple/Content/1st3rdFoundation/Core/Characters/Kasparian_BP/kasparianIdle_Rifle_Ironsights.uasset" 453
"../../../../../../Unreal Projects/Grapple/Content/1st3rdFoundation/Core/Characters/Kasparian_BP/AttackingMontage.uasset" 454
"../../../../../../Unreal Projects/Grapple/Content/1st3rdFoundation/Core/FBX/Pickaxe/dustyMeese.uasset" 455
"../../../../../../Unreal Projects/Grapple/Content/1st3rdFoundation/Core/FBX/Pickaxe/dustyMeese_Metal.uasset" 456
"../../../../../../Unreal Projects/Grapple/Content/1st3rdFoundation/Core/FBX/Pickaxe/pickAxeMaterial.uasset" 457
"../../../../../../Unreal Projects/Grapple/Content/1st3rdFoundation/Core/FBX/Pickaxe/pickaxe.uasset" 458
"../../../../../../Unreal Projects/Grapple/Content/1st3rdFoundation/Core/FBX/Pickaxe/dummyPick.uasset" 459
"../../../../../../Unreal Projects/Grapple/Content/1st3rdFoundation/3rdPartyLibraries/FirstPerson/FPWeapon/Materials/MaterialLayers/T_ML_Rubber_Blue_01_D.uasset" 460
"../../../../../../Unreal Projects/Grapple/Content/1st3rdFoundation/3rdPartyLibraries/FirstPerson/FPWeapon/Materials/MaterialLayers/T_ML_Rubber_Blue_01_N.uasset" 461
"../../../../../../Unreal Projects/Grapple/Content/1st3rdFoundation/3rdPartyLibraries/FirstPerson/FPWeapon/Materials/MaterialLayers/ML_GlossyBlack_Latex_UE4.uasset" 462
"../../../../../../Unreal Projects/Grapple/Content/1st3rdFoundation/3rdPartyLibraries/FirstPerson/FPWeapon/Materials/MaterialLayers/ML_Plastic_Shiny_Beige.uasset" 463
"../../../../../../Unreal Projects/Grapple/Content/1st3rdFoundation/3rdPartyLibraries/FirstPerson/FPWeapon/Materials/MaterialLayers/ML_Screen.uasset" 464
"../../../../../../Unreal Projects/Grapple/Content/1st3rdFoundation/3rdPartyLibraries/FirstPerson/FPWeapon/Materials/MaterialLayers/T_ML_Aluminum01.uasset" 465
"../../../../../../Unreal Projects/Grapple/Content/1st3rdFoundation/3rdPartyLibraries/FirstPerson/FPWeapon/Materials/MaterialLayers/T_ML_Aluminum01_N.uasset" 466
"../../../../../../Unreal Projects/Grapple/Content/1st3rdFoundation/3rdPartyLibraries/FirstPerson/FPWeapon/Materials/MaterialLayers/ML_SoftMetal_UE4.uasset" 467
"../../../../../../Unreal Projects/Grapple/Content/1st3rdFoundation/3rdPartyLibraries/FirstPerson/FPWeapon/Textures/T_FPGun_M.uasset" 468
"../../../../../../Unreal Projects/Grapple/Content/1st3rdFoundation/3rdPartyLibraries/FirstPerson/FPWeapon/Textures/T_FPGun_N.uasset" 469
"../../../../../../Unreal Projects/Grapple/Content/1st3rdFoundation/3rdPartyLibraries/FirstPerson/FPWeapon/Materials/M_FPGun.uasset" 470
"../../../../../../Unreal Projects/Grapple/Content/1st3rdFoundation/3rdPartyLibraries/FirstPerson/FPWeapon/Mesh/SK_FPGun_Skeleton.uasset" 471
"../../../../../../Unreal Projects/Grapple/Content/1st3rdFoundation/3rdPartyLibraries/FirstPerson/FPWeapon/Mesh/SK_FPGun.uasset" 472
"../../../../../../Unreal Projects/Grapple/Content/1st3rdFoundation/Core/Weapons/BP_FiringWeaponBase.uasset" 473
"../../../../../../Unreal Projects/Grapple/Content/1st3rdFoundation/Core/Weapons/BP_BaseAmmo.uasset" 474
"../../../../../../Unreal Projects/Grapple/Content/1st3rdFoundation/Core/Weapons/BP_RayCastWeapon.uasset" 475
"../../../../../../Unreal Projects/Grapple/Content/1st3rdFoundation/Core/FBX/Pistol/Pistol_hand_001_pasted__Gun_rigged_Skeleton.uasset" 476
"../../../../../../Unreal Projects/Grapple/Content/1st3rdFoundation/Core/FBX/Pistol/Pistol_hand_001_pasted__Gun_rigged_Anim_takeout.uasset" 477
"../../../../../../Unreal Projects/Grapple/Content/1st3rdFoundation/Core/FBX/Pistol/Pistol_hand_001_pasted__polySurface3_Skeleton.uasset" 478
"../../../../../../Unreal Projects/Grapple/Content/1st3rdFoundation/Core/FBX/Pistol/Pistol_hand_001_pasted__polySurface3_Anim_takeout.uasset" 479
"../../../Engine/Content/BasicShapes/BasicShapeMaterial.uasset" 480
"../../../../../../Unreal Projects/Grapple/Content/1st3rdFoundation/3rdPartyLibraries/Grapple_Hook/lambert1.uasset" 481
"../../../../../../Unreal Projects/Grapple/Content/1st3rdFoundation/3rdPartyLibraries/Grapple_Hook/Grapple_02_hook.uasset" 482
"../../../../../../Unreal Projects/Grapple/Content/1st3rdFoundation/3rdPartyLibraries/Grapple_Hook/OOT_Hookshot_Fire_once.uasset" 483
"../../../../../../Unreal Projects/Grapple/Content/1st3rdFoundation/3rdPartyLibraries/Grapple_Hook/OOT_Hookshot_Set.uasset" 484
"../../../../../../Unreal Projects/Grapple/Content/1st3rdFoundation/Weapons/Grapple_Gun/BP_GrappleGun.uasset" 485
"../../../../../../Unreal Projects/Grapple/Content/1st3rdFoundation/3rdPartyLibraries/FirstPerson/Meshes/BaseMaterial.uasset" 486
"../../../../../../Unreal Projects/Grapple/Content/1st3rdFoundation/3rdPartyLibraries/Grapple_Hook/OOT_Hookshot_Clang.uasset" 487
"../../../../../../Unreal Projects/Grapple/Content/1st3rdFoundation/3rdPartyLibraries/Grapple_Hook/OOT_Hookshot_Target.uasset" 488
"../../../../../../Unreal Projects/Grapple/Content/1st3rdFoundation/Weapons/Projectiles/BP_GrappleHook_Projectile.uasset" 489
"../../../../../../Unreal Projects/Grapple/Content/1st3rdFoundation/Core/Weapons/BP_ProjectileWeapon.uasset" 490
"../../../../../../Unreal Projects/Grapple/Content/1st3rdFoundation/3rdPartyLibraries/FirstPerson/Character/Materials/MaterialLayers/T_ML_Rubber_Blue_01_D.uasset" 491
"../../../../../../Unreal Projects/Grapple/Content/1st3rdFoundation/3rdPartyLibraries/FirstPerson/Character/Materials/MaterialLayers/T_ML_Rubber_Blue_01_N.uasset" 492
"../../../../../../Unreal Projects/Grapple/Content/1st3rdFoundation/3rdPartyLibraries/FirstPerson/Character/Materials/MaterialLayers/ML_GlossyBlack_Latex_UE4.uasset" 493
"../../../../../../Unreal Projects/Grapple/Content/1st3rdFoundation/3rdPartyLibraries/FirstPerson/Character/Materials/MaterialLayers/ML_Plastic_Shiny_Beige.uasset" 494
"../../../../../../Unreal Projects/Grapple/Content/1st3rdFoundation/3rdPartyLibraries/FirstPerson/Character/Textures/UE4_LOGO_CARD.uasset" 495
"../../../../../../Unreal Projects/Grapple/Content/1st3rdFoundation/3rdPartyLibraries/FirstPerson/Character/Materials/MaterialLayers/ML_Plastic_Shiny_Beige_LOGO.uasset" 496
"../../../../../../Unreal Projects/Grapple/Content/1st3rdFoundation/3rdPartyLibraries/FirstPerson/Character/Materials/MaterialLayers/T_ML_Aluminum01.uasset" 497
"../../../../../../Unreal Projects/Grapple/Content/1st3rdFoundation/3rdPartyLibraries/FirstPerson/Character/Materials/MaterialLayers/T_ML_Aluminum01_N.uasset" 498
"../../../../../../Unreal Projects/Grapple/Content/1st3rdFoundation/3rdPartyLibraries/FirstPerson/Character/Materials/MaterialLayers/ML_SoftMetal_UE4.uasset" 499
"../../../../../../Unreal Projects/Grapple/Content/1st3rdFoundation/3rdPartyLibraries/FirstPerson/Character/Textures/UE4_Mannequin__normals.uasset" 500
"../../../../../../Unreal Projects/Grapple/Content/1st3rdFoundation/3rdPartyLibraries/FirstPerson/Character/Textures/UE4_Mannequin_MAT_MASKA.uasset" 501
"../../../../../../Unreal Projects/Grapple/Content/1st3rdFoundation/3rdPartyLibraries/FirstPerson/Character/Materials/M_UE4Man_Body.uasset" 502
"../../../../../../Unreal Projects/Grapple/Content/1st3rdFoundation/3rdPartyLibraries/FirstPerson/Character/Mesh/SK_Mannequin_Arms_PhysicsAsset.uasset" 503
"../../../../../../Unreal Projects/Grapple/Content/1st3rdFoundation/3rdPartyLibraries/FirstPerson/Character/Mesh/SK_Mannequin_Arms.uasset" 504
"../../../../../../Unreal Projects/Grapple/Content/1st3rdFoundation/Core/FBX/Pistol/Palette_01.uasset" 505
"../../../../../../Unreal Projects/Grapple/Content/1st3rdFoundation/Core/FBX/Pistol/pasted__Palette_01.uasset" 506
"../../../../../../Unreal Projects/Grapple/Content/1st3rdFoundation/Core/FBX/Pistol/Pistol_hand_001_pasted__Gun_rigged_PhysicsAsset.uasset" 507
"../../../../../../Unreal Projects/Grapple/Content/1st3rdFoundation/Core/FBX/Pistol/Pistol_hand_001_pasted__Gun_rigged.uasset" 508
"../../../../../../Unreal Projects/Grapple/Content/1st3rdFoundation/Weapons/BP_Pistol.uasset" 509
"../../../../../../Unreal Projects/Grapple/Content/1st3rdFoundation/Core/Characters/Kasparian_FBX/kasparian_body_set_BaseColor.uasset" 510
"../../../../../../Unreal Projects/Grapple/Content/1st3rdFoundation/Core/Characters/Kasparian_FBX/Textures/kasparian_body_set_EmissiveColor.uasset" 511
"../../../../../../Unreal Projects/Grapple/Content/1st3rdFoundation/Core/Characters/Kasparian_FBX/Textures/kasparian_body_set_Metalness.uasset" 512
"../../../../../../Unreal Projects/Grapple/Content/1st3rdFoundation/Core/Characters/Kasparian_FBX/Textures/kasparian_body_set_Roughness.uasset" 513
"../../../../../../Unreal Projects/Grapple/Content/1st3rdFoundation/Core/Characters/Kasparian_FBX/BodyMaterial.uasset" 514
"../../../../../../Unreal Projects/Grapple/Content/1st3rdFoundation/Core/Characters/Kasparian_FBX/kasparian_clothing_set_BaseColor.uasset" 515
"../../../../../../Unreal Projects/Grapple/Content/1st3rdFoundation/Core/Characters/Kasparian_FBX/Textures/kasparian_clothing_set_ao.uasset" 516
"../../../../../../Unreal Projects/Grapple/Content/1st3rdFoundation/Core/Characters/Kasparian_FBX/Textures/kasparian_clothing_set_EmissiveColor.uasset" 517
"../../../../../../Unreal Projects/Grapple/Content/1st3rdFoundation/Core/Characters/Kasparian_FBX/Textures/kasparian_clothing_set_Metalness.uasset" 518
"../../../../../../Unreal Projects/Grapple/Content/1st3rdFoundation/Core/Characters/Kasparian_FBX/Textures/kasparian_clothing_set_Roughness.uasset" 519
"../../../../../../Unreal Projects/Grapple/Content/1st3rdFoundation/Core/Characters/Kasparian_FBX/ClothingMat.uasset" 520
"../../../../../../Unreal Projects/Grapple/Content/1st3rdFoundation/Core/Characters/Kasparian_BP/TailPysicalMaterial.uasset" 521
"../../../../../../Unreal Projects/Grapple/Content/1st3rdFoundation/Core/Characters/Kasparian_FBX/Kasparian_v2_0001_PhysicsAsset.uasset" 522
"../../../../../../Unreal Projects/Grapple/Content/1st3rdFoundation/Core/Characters/Kasparian_FBX/Kasparian_v2_0001.uasset" 523
"../../../../../../Unreal Projects/Grapple/Content/1st3rdFoundation/Core/Characters/BP_PlayerCharacter.uasset" 524
"../../../../../../Unreal Projects/Grapple/Content/1st3rdFoundation/Core/UI/Crosshairs.uasset" 525
"../../../../../../Unreal Projects/Grapple/Content/1st3rdFoundation/Core/UI/WBP_Crosshair.uasset" 526
"../../../../../../Unreal Projects/Grapple/Content/1st3rdFoundation/Core/UI/WBP_CombatBase.uasset" 527
"../../../../../../Unreal Projects/Grapple/Content/1st3rdFoundation/Core/UI/BP_HUD.uasset" 528
"../../../../../../Unreal Projects/Grapple/Content/1st3rdFoundation/Core/GameModes/BP_GameMode.uasset" 529
"../../../Engine/Content/BasicShapes/Cube.uasset" 530
"../../../../../../Unreal Projects/Grapple/Content/1st3rdFoundation/Core/Props/FBX/lambert1.uasset" 531
"../../../../../../Unreal Projects/Grapple/Content/1st3rdFoundation/Core/Props/FBX/grapplePoint_0001.uasset" 532
"../../../../../../Unreal Projects/Grapple/Content/1st3rdFoundation/Core/Props/grapple_point.uasset" 533
"../../../../../../Unreal Projects/Grapple/Content/1st3rdFoundation/Core/Weapons/BP_TargetDummy.uasset" 534
"../../../../../../Unreal Projects/Grapple/Content/1st3rdFoundation/3rdPartyLibraries/FirstPersonBP/Maps/Grapple_Map_BuiltData.uasset" 535
"../../../../../../Unreal Projects/Grapple/Content/1st3rdFoundation/3rdPartyLibraries/StarterContent/Materials/M_AssetPlatform.uasset" 536
"../../../../../../Unreal Projects/Grapple/Content/1st3rdFoundation/3rdPartyLibraries/FirstPerson/Meshes/CubeMaterialOverride.uasset" 537
"../../../../../../Unreal Projects/Grapple/Content/1st3rdFoundation/Core/Post/CellShading.uasset" 538
"../../../../../../Unreal Projects/Grapple/Content/1st3rdFoundation/Core/Post/CellShading_Inst.uasset" 539
"../../../Engine/Content/Functions/Engine_MaterialFunctions02/Math/AddComponents.uasset" 540
"../../../../../../Unreal Projects/Grapple/Content/1st3rdFoundation/Core/Post/Outline.uasset" 541
"../../../../../../Unreal Projects/Grapple/Content/1st3rdFoundation/Core/Post/Outline_Inst.uasset" 542
"../../../../../../Unreal Projects/Grapple/Content/1st3rdFoundation/Core/HDRI/moonless_golf_2k.uasset" 543
"../../../../../../Unreal Projects/Grapple/Content/1st3rdFoundation/Core/Levels/lambert1.uasset" 544
"../../../../../../Unreal Projects/Grapple/Content/1st3rdFoundation/Core/Levels/spiralLevel_pCylinder1.uasset" 545
"../../../../../../Unreal Projects/Grapple/Content/1st3rdFoundation/Core/Levels/spiralLevel_pHelix1.uasset" 546
"../../../../../../Unreal Projects/Grapple/Content/1st3rdFoundation/Geometry/Meshes/CubeMaterial.uasset" 547
"../../../../../../Unreal Projects/Grapple/Content/1st3rdFoundation/Geometry/Meshes/1M_Cube.uasset" 548
"../../../../../../Unreal Projects/Grapple/Content/1st3rdFoundation/3rdPartyLibraries/FirstPersonBP/Maps/Grapple_Map.umap" 549
